#
# There is insufficient memory for the Java Runtime Environment to continue.
# Native memory allocation (malloc) failed to allocate 32744 bytes for ChunkPool::allocate
# Possible reasons:
#   The system is out of physical RAM or swap space
#   The process is running with CompressedOops enabled, and the Java Heap may be blocking the growth of the native heap
# Possible solutions:
#   Reduce memory load on the system
#   Increase physical memory or swap space
#   Check if swap backing store is full
#   Decrease Java heap size (-Xmx/-Xms)
#   Decrease number of Java threads
#   Decrease Java thread stack sizes (-Xss)
#   Set larger code cache with -XX:ReservedCodeCacheSize=
#   JVM is running with Unscaled Compressed Oops mode in which the Java heap is
#     placed in the first 4GB address space. The Java Heap base address is the
#     maximum limit for the native heap growth. Please use -XX:HeapBaseMinAddress
#     to set the Java Heap base and to place the Java Heap above 4GB virtual address.
# This output file may be truncated or incomplete.
#
#  Out of Memory Error (allocation.cpp:272), pid=4352, tid=0x0000000000001f54
#
# JRE version: Java(TM) SE Runtime Environment (8.0_251-b08) (build 1.8.0_251-b08)
# Java VM: Java HotSpot(TM) 64-Bit Server VM (25.251-b08 mixed mode windows-amd64 compressed oops)
# Failed to write core dump. Minidumps are not enabled by default on client versions of Windows
#

---------------  T H R E A D  ---------------

Current thread (0x00000000165fa800):  JavaThread "C1 CompilerThread2" daemon [_thread_in_native, id=8020, stack(0x0000000016950000,0x0000000016a50000)]

Stack: [0x0000000016950000,0x0000000016a50000]
[error occurred during error reporting (printing stack bounds), id 0xc0000005]

Native frames: (J=compiled Java code, j=interpreted, Vv=VM code, C=native code)


Current CompileTask:
C1:  14129 4210       3      
[error occurred during error reporting (printing current compile task), id 0xe0000001]


---------------  P R O C E S S  ---------------

Java Threads: ( => current thread )
  0x0000000017cee000 JavaThread "HikariPool-1 housekeeper" daemon [_thread_blocked, id=9616, stack(0x000000001d250000,0x000000001d350000)]
  0x0000000019b88000 JavaThread "mysql-cj-abandoned-connection-cleanup" daemon [_thread_blocked, id=11156, stack(0x000000001d150000,0x000000001d250000)]
  0x000000001a0e9800 JavaThread "container-0" [_thread_blocked, id=10688, stack(0x000000001d050000,0x000000001d150000)]
  0x0000000016bca800 JavaThread "Catalina-utility-2" [_thread_blocked, id=8060, stack(0x000000001cf50000,0x000000001d050000)]
  0x000000001c032800 JavaThread "Catalina-utility-1" [_thread_blocked, id=5508, stack(0x0000000018da0000,0x0000000018ea0000)]
  0x0000000016a58800 JavaThread "Service Thread" daemon [_thread_blocked, id=3480, stack(0x0000000017250000,0x0000000017350000)]
=>0x00000000165fa800 JavaThread "C1 CompilerThread2" daemon [_thread_in_native, id=8020, stack(0x0000000016950000,0x0000000016a50000)]
  0x0000000016538800 JavaThread "C2 CompilerThread1" daemon [_thread_in_native, id=9184, stack(0x0000000016850000,0x0000000016950000)]
  0x0000000016572000 JavaThread "C2 CompilerThread0" daemon [_thread_in_native, id=5176, stack(0x0000000016750000,0x0000000016850000)]
  0x0000000016478000 JavaThread "Monitor Ctrl-Break" daemon [_thread_in_native, id=6712, stack(0x0000000016650000,0x0000000016750000)]
  0x0000000014bed000 JavaThread "Attach Listener" daemon [_thread_blocked, id=8368, stack(0x0000000016150000,0x0000000016250000)]
  0x0000000014bec000 JavaThread "Signal Dispatcher" daemon [_thread_blocked, id=12236, stack(0x0000000016050000,0x0000000016150000)]
  0x0000000014bd0800 JavaThread "Finalizer" daemon [_thread_blocked, id=8512, stack(0x0000000015e50000,0x0000000015f50000)]
  0x00000000025d7800 JavaThread "Reference Handler" daemon [_thread_blocked, id=10272, stack(0x0000000015d50000,0x0000000015e50000)]
  0x00000000024e6000 JavaThread "main" [_thread_in_vm, id=11864, stack(0x00000000021d0000,0x00000000022d0000)]

Other Threads:
  0x0000000014ba7000 VMThread [stack: 0x0000000015c50000,0x0000000015d50000] [id=8532]
  0x0000000016ae1800 WatcherThread [stack: 0x0000000017350000,0x0000000017450000] [id=2544]

VM state:not at safepoint (normal execution)

VM Mutex/Monitor currently owned by a thread: None

heap address: 0x00000000c1600000, size: 1002 MB, Compressed Oops mode: 32-bit
Narrow klass base: 0x0000000000000000, Narrow klass shift: 3
Compressed class space size: 1073741824 Address: 0x0000000100000000

Heap:
 PSYoungGen      total 96768K, used 94069K [0x00000000eb200000, 0x00000000f3b80000, 0x0000000100000000)
  eden space 87040K, 96% used [0x00000000eb200000,0x00000000f045f900,0x00000000f0700000)
  from space 9728K, 99% used [0x00000000f0700000,0x00000000f107dd30,0x00000000f1080000)
  to   space 12288K, 0% used [0x00000000f2f80000,0x00000000f2f80000,0x00000000f3b80000)
 ParOldGen       total 47104K, used 16349K [0x00000000c1600000, 0x00000000c4400000, 0x00000000eb200000)
  object space 47104K, 34% used [0x00000000c1600000,0x00000000c25f74b0,0x00000000c4400000)
 Metaspace       used 50729K, capacity 53216K, committed 53504K, reserved 1095680K
  class space    used 6894K, capacity 7347K, committed 7424K, reserved 1048576K

Card table byte_map: [0x00000000119a0000,0x0000000011ba0000] byte_map_base: 0x0000000011395000

Marking Bits: (ParMarkBitMap*) 0x000000005676af90
 Begin Bits: [0x00000000120f0000, 0x0000000013098000)
 End Bits:   [0x0000000013098000, 0x0000000014040000)

Polling page: 0x00000000006b0000

CodeCache: size=245760Kb used=13203Kb max_used=13203Kb free=232556Kb
 bounds [0x00000000025e0000, 0x00000000032d0000, 0x00000000115e0000]
 total_blobs=4364 nmethods=3821 adapters=455
 compilation: enabled

Compilation events (10 events):
Event: 14.089 Thread 0x00000000165fa800 nmethod 4203 0x00000000032c3310 code [0x00000000032c34e0, 0x00000000032c3b38]
Event: 14.089 Thread 0x00000000165fa800 4204       3       java.lang.invoke.MethodHandles::identity (87 bytes)
Event: 14.091 Thread 0x00000000165fa800 nmethod 4204 0x00000000032cbc50 code [0x00000000032cbfe0, 0x00000000032cdf58]
Event: 14.095 Thread 0x00000000165fa800 4206       3       java.lang.Class::getDeclaredConstructor (16 bytes)
Event: 14.095 Thread 0x00000000165fa800 nmethod 4206 0x00000000032c2e90 code [0x00000000032c3020, 0x00000000032c3228]
Event: 14.103 Thread 0x00000000165fa800 4207       3       org.springframework.core.OrderComparator::findOrder (24 bytes)
Event: 14.104 Thread 0x00000000165fa800 nmethod 4207 0x00000000032c2350 code [0x00000000032c2500, 0x00000000032c2c08]
Event: 14.105 Thread 0x00000000165fa800 4208   !   3       sun.reflect.GeneratedConstructorAccessor20::newInstance (53 bytes)
Event: 14.106 Thread 0x00000000165fa800 nmethod 4208 0x00000000032c1310 code [0x00000000032c1500, 0x00000000032c1d48]
Event: 14.121 Thread 0x00000000165fa800 4210       3       java.lang.invoke.LambdaForm$DMH/97730845::invokeStatic_L4_L (20 bytes)

GC Heap History (10 events):
Event: 3.254 GC heap before
{Heap before GC invocations=9 (full 1):
 PSYoungGen      total 72192K, used 65024K [0x00000000eb200000, 0x00000000f0000000, 0x0000000100000000)
  eden space 65024K, 100% used [0x00000000eb200000,0x00000000ef180000,0x00000000ef180000)
  from space 7168K, 0% used [0x00000000ef180000,0x00000000ef180000,0x00000000ef880000)
  to   space 6656K, 0% used [0x00000000ef880000,0x00000000ef880000,0x00000000eff00000)
 ParOldGen       total 29696K, used 5021K [0x00000000c1600000, 0x00000000c3300000, 0x00000000eb200000)
  object space 29696K, 16% used [0x00000000c1600000,0x00000000c1ae7740,0x00000000c3300000)
 Metaspace       used 23504K, capacity 24566K, committed 24704K, reserved 1071104K
  class space    used 2952K, capacity 3171K, committed 3200K, reserved 1048576K
Event: 3.261 GC heap after
Heap after GC invocations=9 (full 1):
 PSYoungGen      total 70656K, used 6636K [0x00000000eb200000, 0x00000000f2d80000, 0x0000000100000000)
  eden space 64000K, 0% used [0x00000000eb200000,0x00000000eb200000,0x00000000ef080000)
  from space 6656K, 99% used [0x00000000ef880000,0x00000000efefb1f0,0x00000000eff00000)
  to   space 8192K, 0% used [0x00000000ef080000,0x00000000ef080000,0x00000000ef880000)
 ParOldGen       total 29696K, used 5170K [0x00000000c1600000, 0x00000000c3300000, 0x00000000eb200000)
  object space 29696K, 17% used [0x00000000c1600000,0x00000000c1b0c910,0x00000000c3300000)
 Metaspace       used 23504K, capacity 24566K, committed 24704K, reserved 1071104K
  class space    used 2952K, capacity 3171K, committed 3200K, reserved 1048576K
}
Event: 5.068 GC heap before
{Heap before GC invocations=10 (full 1):
 PSYoungGen      total 70656K, used 70633K [0x00000000eb200000, 0x00000000f2d80000, 0x0000000100000000)
  eden space 64000K, 99% used [0x00000000eb200000,0x00000000ef07f2b8,0x00000000ef080000)
  from space 6656K, 99% used [0x00000000ef880000,0x00000000efefb1f0,0x00000000eff00000)
  to   space 8192K, 0% used [0x00000000ef080000,0x00000000ef080000,0x00000000ef880000)
 ParOldGen       total 29696K, used 5170K [0x00000000c1600000, 0x00000000c3300000, 0x00000000eb200000)
  object space 29696K, 17% used [0x00000000c1600000,0x00000000c1b0c910,0x00000000c3300000)
 Metaspace       used 28270K, capacity 29940K, committed 30080K, reserved 1075200K
  class space    used 3613K, capacity 3954K, committed 3968K, reserved 1048576K
Event: 5.077 GC heap after
Heap after GC invocations=10 (full 1):
 PSYoungGen      total 72192K, used 8178K [0x00000000eb200000, 0x00000000f1a80000, 0x0000000100000000)
  eden space 64000K, 0% used [0x00000000eb200000,0x00000000eb200000,0x00000000ef080000)
  from space 8192K, 99% used [0x00000000ef080000,0x00000000ef87c898,0x00000000ef880000)
  to   space 9216K, 0% used [0x00000000f1180000,0x00000000f1180000,0x00000000f1a80000)
 ParOldGen       total 29696K, used 5382K [0x00000000c1600000, 0x00000000c3300000, 0x00000000eb200000)
  object space 29696K, 18% used [0x00000000c1600000,0x00000000c1b41bf8,0x00000000c3300000)
 Metaspace       used 28270K, capacity 29940K, committed 30080K, reserved 1075200K
  class space    used 3613K, capacity 3954K, committed 3968K, reserved 1048576K
}
Event: 5.971 GC heap before
{Heap before GC invocations=11 (full 1):
 PSYoungGen      total 72192K, used 70558K [0x00000000eb200000, 0x00000000f1a80000, 0x0000000100000000)
  eden space 64000K, 97% used [0x00000000eb200000,0x00000000eeeeb2c0,0x00000000ef080000)
  from space 8192K, 99% used [0x00000000ef080000,0x00000000ef87c898,0x00000000ef880000)
  to   space 9216K, 0% used [0x00000000f1180000,0x00000000f1180000,0x00000000f1a80000)
 ParOldGen       total 29696K, used 5382K [0x00000000c1600000, 0x00000000c3300000, 0x00000000eb200000)
  object space 29696K, 18% used [0x00000000c1600000,0x00000000c1b41bf8,0x00000000c3300000)
 Metaspace       used 32324K, capacity 34160K, committed 34304K, reserved 1079296K
  class space    used 4131K, capacity 4524K, committed 4608K, reserved 1048576K
Event: 5.983 GC heap after
Heap after GC invocations=11 (full 1):
 PSYoungGen      total 95744K, used 7387K [0x00000000eb200000, 0x00000000f1a00000, 0x0000000100000000)
  eden space 87040K, 0% used [0x00000000eb200000,0x00000000eb200000,0x00000000f0700000)
  from space 8704K, 84% used [0x00000000f1180000,0x00000000f18b6ea8,0x00000000f1a00000)
  to   space 9728K, 0% used [0x00000000f0700000,0x00000000f0700000,0x00000000f1080000)
 ParOldGen       total 29696K, used 7837K [0x00000000c1600000, 0x00000000c3300000, 0x00000000eb200000)
  object space 29696K, 26% used [0x00000000c1600000,0x00000000c1da7408,0x00000000c3300000)
 Metaspace       used 32324K, capacity 34160K, committed 34304K, reserved 1079296K
  class space    used 4131K, capacity 4524K, committed 4608K, reserved 1048576K
}
Event: 5.983 GC heap before
{Heap before GC invocations=12 (full 2):
 PSYoungGen      total 95744K, used 7387K [0x00000000eb200000, 0x00000000f1a00000, 0x0000000100000000)
  eden space 87040K, 0% used [0x00000000eb200000,0x00000000eb200000,0x00000000f0700000)
  from space 8704K, 84% used [0x00000000f1180000,0x00000000f18b6ea8,0x00000000f1a00000)
  to   space 9728K, 0% used [0x00000000f0700000,0x00000000f0700000,0x00000000f1080000)
 ParOldGen       total 29696K, used 7837K [0x00000000c1600000, 0x00000000c3300000, 0x00000000eb200000)
  object space 29696K, 26% used [0x00000000c1600000,0x00000000c1da7408,0x00000000c3300000)
 Metaspace       used 32324K, capacity 34160K, committed 34304K, reserved 1079296K
  class space    used 4131K, capacity 4524K, committed 4608K, reserved 1048576K
Event: 6.047 GC heap after
Heap after GC invocations=12 (full 2):
 PSYoungGen      total 95744K, used 0K [0x00000000eb200000, 0x00000000f1a00000, 0x0000000100000000)
  eden space 87040K, 0% used [0x00000000eb200000,0x00000000eb200000,0x00000000f0700000)
  from space 8704K, 0% used [0x00000000f1180000,0x00000000f1180000,0x00000000f1a00000)
  to   space 9728K, 0% used [0x00000000f0700000,0x00000000f0700000,0x00000000f1080000)
 ParOldGen       total 47104K, used 13422K [0x00000000c1600000, 0x00000000c4400000, 0x00000000eb200000)
  object space 47104K, 28% used [0x00000000c1600000,0x00000000c231b9f0,0x00000000c4400000)
 Metaspace       used 32324K, capacity 34160K, committed 34304K, reserved 1079296K
  class space    used 4131K, capacity 4524K, committed 4608K, reserved 1048576K
}
Event: 8.775 GC heap before
{Heap before GC invocations=13 (full 2):
 PSYoungGen      total 95744K, used 87040K [0x00000000eb200000, 0x00000000f1a00000, 0x0000000100000000)
  eden space 87040K, 100% used [0x00000000eb200000,0x00000000f0700000,0x00000000f0700000)
  from space 8704K, 0% used [0x00000000f1180000,0x00000000f1180000,0x00000000f1a00000)
  to   space 9728K, 0% used [0x00000000f0700000,0x00000000f0700000,0x00000000f1080000)
 ParOldGen       total 47104K, used 13422K [0x00000000c1600000, 0x00000000c4400000, 0x00000000eb200000)
  object space 47104K, 28% used [0x00000000c1600000,0x00000000c231b9f0,0x00000000c4400000)
 Metaspace       used 42667K, capacity 44772K, committed 45056K, reserved 1089536K
  class space    used 5658K, capacity 6045K, committed 6144K, reserved 1048576K
Event: 8.790 GC heap after
Heap after GC invocations=13 (full 2):
 PSYoungGen      total 96768K, used 9719K [0x00000000eb200000, 0x00000000f3b80000, 0x0000000100000000)
  eden space 87040K, 0% used [0x00000000eb200000,0x00000000eb200000,0x00000000f0700000)
  from space 9728K, 99% used [0x00000000f0700000,0x00000000f107dd30,0x00000000f1080000)
  to   space 12288K, 0% used [0x00000000f2f80000,0x00000000f2f80000,0x00000000f3b80000)
 ParOldGen       total 47104K, used 16349K [0x00000000c1600000, 0x00000000c4400000, 0x00000000eb200000)
  object space 47104K, 34% used [0x00000000c1600000,0x00000000c25f74b0,0x00000000c4400000)
 Metaspace       used 42667K, capacity 44772K, committed 45056K, reserved 1089536K
  class space    used 5658K, capacity 6045K, committed 6144K, reserved 1048576K
}

Deoptimization events (10 events):
Event: 13.689 Thread 0x00000000024e6000 Uncommon trap: reason=class_check action=maybe_recompile pc=0x0000000002ecfb90 method=java.lang.reflect.Method.equals(Ljava/lang/Object;)Z @ 5
Event: 13.689 Thread 0x00000000024e6000 Uncommon trap: reason=class_check action=maybe_recompile pc=0x0000000002ecfb90 method=java.lang.reflect.Method.equals(Ljava/lang/Object;)Z @ 5
Event: 13.691 Thread 0x00000000024e6000 Uncommon trap: reason=class_check action=maybe_recompile pc=0x0000000002fda4c0 method=org.springframework.core.annotation.TypeMappedAnnotations$MergedAnnotationFinder.process(Ljava/lang/Object;ILjava/lang/Object;Ljava/lang/annotation/Annotation;)Lorg/spri
Event: 13.691 Thread 0x00000000024e6000 Uncommon trap: reason=unstable_if action=reinterpret pc=0x0000000003067228 method=org.springframework.core.annotation.TypeMappedAnnotations.scan(Ljava/lang/Object;Lorg/springframework/core/annotation/AnnotationsProcessor;)Ljava/lang/Object; @ 4
Event: 13.693 Thread 0x00000000024e6000 Uncommon trap: reason=class_check action=maybe_recompile pc=0x0000000002fda4c0 method=org.springframework.core.annotation.TypeMappedAnnotations$MergedAnnotationFinder.process(Ljava/lang/Object;ILjava/lang/Object;Ljava/lang/annotation/Annotation;)Lorg/spri
Event: 13.713 Thread 0x00000000024e6000 Uncommon trap: reason=class_check action=maybe_recompile pc=0x0000000002fda4c0 method=org.springframework.core.annotation.TypeMappedAnnotations$MergedAnnotationFinder.process(Ljava/lang/Object;ILjava/lang/Object;Ljava/lang/annotation/Annotation;)Lorg/spri
Event: 13.759 Thread 0x00000000024e6000 Uncommon trap: reason=class_check action=maybe_recompile pc=0x0000000002fda4c0 method=org.springframework.core.annotation.TypeMappedAnnotations$MergedAnnotationFinder.process(Ljava/lang/Object;ILjava/lang/Object;Ljava/lang/annotation/Annotation;)Lorg/spri
Event: 13.902 Thread 0x00000000024e6000 Uncommon trap: reason=unstable_if action=reinterpret pc=0x0000000002f70200 method=java.util.concurrent.ConcurrentHashMap.putVal(Ljava/lang/Object;Ljava/lang/Object;Z)Ljava/lang/Object; @ 331
Event: 13.903 Thread 0x00000000024e6000 Uncommon trap: reason=unstable_if action=reinterpret pc=0x00000000027393e4 method=java.util.concurrent.ConcurrentHashMap.get(Ljava/lang/Object;)Ljava/lang/Object; @ 86
Event: 13.959 Thread 0x00000000024e6000 Uncommon trap: reason=unstable_if action=reinterpret pc=0x0000000002f7e000 method=java.lang.invoke.MethodType.checkPtypes([Ljava/lang/Class;)I @ 40

Classes redefined (0 events):
No events

Internal exceptions (10 events):
Event: 13.661 Thread 0x00000000024e6000 Exception <a 'java/lang/ClassNotFoundException': java/lang/ObjectCustomizer> (0x00000000eee0e070) thrown at [C:\jenkins\workspace\8-2-build-windows-amd64-cygwin\jdk8u251\737\hotspot\src\share\vm\classfile\systemDictionary.cpp, line 210]
Event: 13.662 Thread 0x00000000024e6000 Exception <a 'java/lang/ClassNotFoundException': org/springframework/web/servlet/config/annotation/WebMvcConfigurationSupportCustomizer> (0x00000000eee2dc60) thrown at [C:\jenkins\workspace\8-2-build-windows-amd64-cygwin\jdk8u251\737\hotspot\src\share\vm\
Event: 13.663 Thread 0x00000000024e6000 Exception <a 'java/lang/ClassNotFoundException': org/springframework/web/servlet/config/annotation/DelegatingWebMvcConfigurationCustomizer> (0x00000000eee61c38) thrown at [C:\jenkins\workspace\8-2-build-windows-amd64-cygwin\jdk8u251\737\hotspot\src\share\
Event: 13.664 Thread 0x00000000024e6000 Exception <a 'java/lang/ClassNotFoundException': org/springframework/boot/autoconfigure/web/servlet/WebMvcAutoConfiguration$EnableWebMvcConfigurationCustomizer> (0x00000000eee88b80) thrown at [C:\jenkins\workspace\8-2-build-windows-amd64-cygwin\jdk8u251\7
Event: 13.665 Thread 0x00000000024e6000 Exception <a 'java/lang/ClassNotFoundException': org/springframework/context/ResourceLoaderAwareCustomizer> (0x00000000eeeafeb8) thrown at [C:\jenkins\workspace\8-2-build-windows-amd64-cygwin\jdk8u251\737\hotspot\src\share\vm\classfile\systemDictionary.cp
Event: 13.665 Thread 0x00000000024e6000 Exception <a 'java/lang/ClassNotFoundException': org/springframework/beans/factory/AwareCustomizer> (0x00000000eeec39c0) thrown at [C:\jenkins\workspace\8-2-build-windows-amd64-cygwin\jdk8u251\737\hotspot\src\share\vm\classfile\systemDictionary.cpp, line 
Event: 13.666 Thread 0x00000000024e6000 Exception <a 'java/lang/ClassNotFoundException': org/springframework/context/ApplicationContextAwareCustomizer> (0x00000000eeed95a0) thrown at [C:\jenkins\workspace\8-2-build-windows-amd64-cygwin\jdk8u251\737\hotspot\src\share\vm\classfile\systemDictionar
Event: 13.666 Thread 0x00000000024e6000 Exception <a 'java/lang/ClassNotFoundException': org/springframework/beans/factory/AwareCustomizer> (0x00000000eeeed6b0) thrown at [C:\jenkins\workspace\8-2-build-windows-amd64-cygwin\jdk8u251\737\hotspot\src\share\vm\classfile\systemDictionary.cpp, line 
Event: 13.667 Thread 0x00000000024e6000 Exception <a 'java/lang/ClassNotFoundException': org/springframework/web/context/ServletContextAwareCustomizer> (0x00000000eef03250) thrown at [C:\jenkins\workspace\8-2-build-windows-amd64-cygwin\jdk8u251\737\hotspot\src\share\vm\classfile\systemDictionar
Event: 13.667 Thread 0x00000000024e6000 Exception <a 'java/lang/ClassNotFoundException': org/springframework/beans/factory/AwareCustomizer> (0x00000000eef16dd0) thrown at [C:\jenkins\workspace\8-2-build-windows-amd64-cygwin\jdk8u251\737\hotspot\src\share\vm\classfile\systemDictionary.cpp, line 

Events (10 events):
Event: 14.104 loading class org/springframework/http/server/RequestPath
Event: 14.104 loading class org/springframework/http/server/RequestPath done
Event: 14.105 loading class org/springframework/http/server/PathContainer
Event: 14.105 loading class org/springframework/http/server/PathContainer done
Event: 14.105 loading class org/springframework/web/cors/CorsConfiguration
Event: 14.105 loading class org/springframework/web/cors/CorsConfiguration done
Event: 14.107 loading class org/springframework/web/servlet/handler/MappedInterceptor
Event: 14.107 loading class org/springframework/web/servlet/handler/MappedInterceptor done
Event: 14.111 loading class org/springframework/web/servlet/i18n/AcceptHeaderLocaleResolver
Event: 14.111 loading class org/springframework/web/servlet/i18n/AcceptHeaderLocaleResolver done


Dynamic libraries:
0x00007ff638740000 - 0x00007ff638777000 	C:\Program Files\Java\jdk1.8.0_251\bin\java.exe
0x00007ff883650000 - 0x00007ff883848000 	C:\WINDOWS\SYSTEM32\ntdll.dll
0x00007ff882ca0000 - 0x00007ff882d5d000 	C:\WINDOWS\System32\KERNEL32.DLL
0x00007ff881140000 - 0x00007ff88140e000 	C:\WINDOWS\System32\KERNELBASE.dll
0x00007ff881ed0000 - 0x00007ff881f7e000 	C:\WINDOWS\System32\ADVAPI32.dll
0x00007ff8824e0000 - 0x00007ff88257e000 	C:\WINDOWS\System32\msvcrt.dll
0x00007ff882670000 - 0x00007ff88270c000 	C:\WINDOWS\System32\sechost.dll
0x00007ff881bb0000 - 0x00007ff881cd5000 	C:\WINDOWS\System32\RPCRT4.dll
0x00007ff881a10000 - 0x00007ff881bb0000 	C:\WINDOWS\System32\USER32.dll
0x00007ff880d70000 - 0x00007ff880d92000 	C:\WINDOWS\System32\win32u.dll
0x00007ff882930000 - 0x00007ff88295a000 	C:\WINDOWS\System32\GDI32.dll
0x00007ff880e60000 - 0x00007ff880f6b000 	C:\WINDOWS\System32\gdi32full.dll
0x00007ff880f70000 - 0x00007ff88100d000 	C:\WINDOWS\System32\msvcp_win.dll
0x00007ff881010000 - 0x00007ff881110000 	C:\WINDOWS\System32\ucrtbase.dll
0x00007ff866c80000 - 0x00007ff866f1a000 	C:\WINDOWS\WinSxS\amd64_microsoft.windows.common-controls_6595b64144ccf1df_6.0.19041.1110_none_60b5254171f9507e\COMCTL32.dll
0x00007ff883510000 - 0x00007ff883540000 	C:\WINDOWS\System32\IMM32.DLL
0x00000000567f0000 - 0x00000000568c2000 	C:\Program Files\Java\jdk1.8.0_251\jre\bin\msvcr100.dll
0x0000000055f40000 - 0x00000000567eb000 	C:\Program Files\Java\jdk1.8.0_251\jre\bin\server\jvm.dll
0x00007ff8827f0000 - 0x00007ff8827f8000 	C:\WINDOWS\System32\PSAPI.DLL
0x00007ff87c400000 - 0x00007ff87c409000 	C:\WINDOWS\SYSTEM32\WSOCK32.dll
0x00007ff8828c0000 - 0x00007ff88292b000 	C:\WINDOWS\System32\WS2_32.dll
0x00007ff86b790000 - 0x00007ff86b7b7000 	C:\WINDOWS\SYSTEM32\WINMM.dll
0x00007ff878310000 - 0x00007ff87831a000 	C:\WINDOWS\SYSTEM32\VERSION.dll
0x00007ff877f00000 - 0x00007ff877f0f000 	C:\Program Files\Java\jdk1.8.0_251\jre\bin\verify.dll
0x00007ff867580000 - 0x00007ff8675a9000 	C:\Program Files\Java\jdk1.8.0_251\jre\bin\java.dll
0x00007ff85c6c0000 - 0x00007ff85c6e3000 	C:\Program Files\Java\jdk1.8.0_251\jre\bin\instrument.dll
0x00007ff8600a0000 - 0x00007ff8600b6000 	C:\Program Files\Java\jdk1.8.0_251\jre\bin\zip.dll
0x00007ff882d60000 - 0x00007ff8834a4000 	C:\WINDOWS\System32\SHELL32.dll
0x00007ff87ee70000 - 0x00007ff87f604000 	C:\WINDOWS\SYSTEM32\windows.storage.dll
0x00007ff8816b0000 - 0x00007ff881a04000 	C:\WINDOWS\System32\combase.dll
0x00007ff880700000 - 0x00007ff880730000 	C:\WINDOWS\SYSTEM32\Wldp.dll
0x00007ff882800000 - 0x00007ff8828ad000 	C:\WINDOWS\System32\SHCORE.dll
0x00007ff882610000 - 0x00007ff882665000 	C:\WINDOWS\System32\shlwapi.dll
0x00007ff880cb0000 - 0x00007ff880ccf000 	C:\WINDOWS\SYSTEM32\profapi.dll
0x00007ff85c6a0000 - 0x00007ff85c6ba000 	C:\Program Files\JetBrains\IntelliJ IDEA Community Edition 2020.1.2\bin\breakgen64.dll
0x00007ff85c4a0000 - 0x00007ff85c4ba000 	C:\Program Files\Java\jdk1.8.0_251\jre\bin\net.dll
0x00007ff880460000 - 0x00007ff8804ca000 	C:\WINDOWS\system32\mswsock.dll
0x00007ff870300000 - 0x00007ff87030d000 	C:\Program Files\Java\jdk1.8.0_251\jre\bin\management.dll
0x00007ff878600000 - 0x00007ff878617000 	C:\WINDOWS\system32\napinsp.dll
0x00007ff8783f0000 - 0x00007ff87840b000 	C:\WINDOWS\system32\pnrpnsp.dll
0x00007ff87beb0000 - 0x00007ff87bec5000 	C:\WINDOWS\system32\wshbth.dll
0x00007ff87bed0000 - 0x00007ff87beed000 	C:\WINDOWS\system32\NLAapi.dll
0x00007ff880150000 - 0x00007ff88018b000 	C:\WINDOWS\SYSTEM32\IPHLPAPI.DLL
0x00007ff880190000 - 0x00007ff88025a000 	C:\WINDOWS\SYSTEM32\DNSAPI.dll
0x00007ff881f80000 - 0x00007ff881f88000 	C:\WINDOWS\System32\NSI.dll
0x00007ff8783d0000 - 0x00007ff8783e2000 	C:\WINDOWS\System32\winrnr.dll
0x00007ff872300000 - 0x00007ff87230a000 	C:\Windows\System32\rasadhlp.dll
0x00007ff871810000 - 0x00007ff871890000 	C:\WINDOWS\System32\fwpuclnt.dll
0x00007ff881110000 - 0x00007ff881137000 	C:\WINDOWS\System32\bcrypt.dll
0x00007ff85c350000 - 0x00007ff85c362000 	C:\Program Files\Java\jdk1.8.0_251\jre\bin\nio.dll
0x00007ff880650000 - 0x00007ff880668000 	C:\WINDOWS\SYSTEM32\CRYPTSP.dll
0x00007ff87fde0000 - 0x00007ff87fe14000 	C:\WINDOWS\system32\rsaenh.dll
0x00007ff880c30000 - 0x00007ff880c5e000 	C:\WINDOWS\SYSTEM32\USERENV.dll
0x00007ff881620000 - 0x00007ff8816a2000 	C:\WINDOWS\System32\bcryptprimitives.dll
0x00007ff880670000 - 0x00007ff88067c000 	C:\WINDOWS\SYSTEM32\CRYPTBASE.dll
0x00007ff878380000 - 0x00007ff878397000 	C:\WINDOWS\SYSTEM32\dhcpcsvc6.DLL
0x00007ff878320000 - 0x00007ff87833d000 	C:\WINDOWS\SYSTEM32\dhcpcsvc.DLL
0x00007ff85c2f0000 - 0x00007ff85c314000 	C:\Program Files\Java\jdk1.8.0_251\jre\bin\sunec.dll
0x00007ff86def0000 - 0x00007ff86defc000 	C:\Program Files\Java\jdk1.8.0_251\jre\bin\sunmscapi.dll
0x00007ff881410000 - 0x00007ff881566000 	C:\WINDOWS\System32\CRYPT32.dll
0x00007ff880770000 - 0x00007ff880797000 	C:\WINDOWS\SYSTEM32\ncrypt.dll
0x00007ff880730000 - 0x00007ff88076b000 	C:\WINDOWS\SYSTEM32\NTASN1.dll

VM Arguments:
jvm_args: -javaagent:C:\Program Files\JetBrains\IntelliJ IDEA Community Edition 2020.1.2\lib\idea_rt.jar=61489:C:\Program Files\JetBrains\IntelliJ IDEA Community Edition 2020.1.2\bin -Dfile.encoding=UTF-8 
java_command: com.main.EmployeeManagement.EmployeeManagementApplication
java_class_path (initial): C:\Program Files\Java\jdk1.8.0_251\jre\lib\charsets.jar;C:\Program Files\Java\jdk1.8.0_251\jre\lib\deploy.jar;C:\Program Files\Java\jdk1.8.0_251\jre\lib\ext\access-bridge-64.jar;C:\Program Files\Java\jdk1.8.0_251\jre\lib\ext\cldrdata.jar;C:\Program Files\Java\jdk1.8.0_251\jre\lib\ext\dnsns.jar;C:\Program Files\Java\jdk1.8.0_251\jre\lib\ext\jaccess.jar;C:\Program Files\Java\jdk1.8.0_251\jre\lib\ext\jfxrt.jar;C:\Program Files\Java\jdk1.8.0_251\jre\lib\ext\localedata.jar;C:\Program Files\Java\jdk1.8.0_251\jre\lib\ext\nashorn.jar;C:\Program Files\Java\jdk1.8.0_251\jre\lib\ext\sunec.jar;C:\Program Files\Java\jdk1.8.0_251\jre\lib\ext\sunjce_provider.jar;C:\Program Files\Java\jdk1.8.0_251\jre\lib\ext\sunmscapi.jar;C:\Program Files\Java\jdk1.8.0_251\jre\lib\ext\sunpkcs11.jar;C:\Program Files\Java\jdk1.8.0_251\jre\lib\ext\zipfs.jar;C:\Program Files\Java\jdk1.8.0_251\jre\lib\javaws.jar;C:\Program Files\Java\jdk1.8.0_251\jre\lib\jce.jar;C:\Program Files\Java\jdk1.8.0_251\jre\lib\jfr.jar;C:\Program Files\Java\jdk1.8.0_251\jre\lib\jfxswt.jar;C:\Program Files\Java\jdk1.8.0_251\jre\lib\jsse.jar;C:\Program Files\Java\jdk1.8.0_251\jre\lib\management-agent.jar;C:\Program Files\Java\jdk1.8.0_251\jre\lib\mssql-jdbc-8.2.2.jre13.jar;C:\Program Files\Java\jdk1.8.0_251\jre\lib\plugin.jar;C:\Program Files\Java\jdk1.8.0_251\jre\lib\resources.jar;C:\Program Files\Java\jdk1.8.0_251\jre\lib\rt.jar;C:\Users\ELVIS\Desktop\Spring-Boot-Projects\EmployeeManagement-Spring-Boot-Angular\EmployeeManagement\target\classes;C:\Users\ELVIS\.m2\repository\org\springframework\boot\spring-boot-starter-data-jpa\2.7.6\spring-boot-starter-data-jpa-2.7.6.jar;C:\Users\ELVIS\.m2\repository\org\springframework\boot\spring-boot-starter-aop\2.7.6\spring-boot-starter-aop-2.7.6.jar;C:\Users\ELVIS\.m2\repository\org\springframework\spring-aop\5.3.24\spring-aop-5.3.24.jar;C:\Users\ELVIS\.m2\repository\org\aspectj\aspectjweaver\1.9.7\aspectjweaver-1.9.7.jar;C:\Users\ELVIS\.m2\repository\org\spri
Launcher Type: SUN_STANDARD

Environment Variables:
JAVA_HOME=C:\Program Files\Java\jdk1.8.0_251
PATH=C:\WINDOWS\system32;C:\WINDOWS;C:\WINDOWS\System32\Wbem;C:\WINDOWS\System32\WindowsPowerShell\v1.0\;C:\WINDOWS\System32\OpenSSH\;C:\webdrivers;C:\cygwin64\bin;C:\apache-maven-3.6.3\bin;C:\Program Files\MySQL\MySQL Server 8.0\bin;C:\Program Files\MATLAB\runtime\win64;C:\Program Files\MATLAB\bin;C:\Program Files\nodejs\;C:\ProgramData\chocolatey\bin;C:\MinGW\bin;C:\Program Files\Git\cmd;C:\Program Files\dotnet\;C:\Program Files\Java\jdk1.8.0_251\bin;C:\Users\ELVIS\AppData\Local\Microsoft\WindowsApps;;C:\Users\ELVIS\AppData\Local\Programs\Microsoft VS Code\bin;C:\Users\ELVIS\AppData\Roaming\npm;C:\Users\ELVIS\.dotnet\tools
USERNAME=ELVIS
OS=Windows_NT
PROCESSOR_IDENTIFIER=Intel64 Family 6 Model 142 Stepping 10, GenuineIntel



---------------  S Y S T E M  ---------------

OS: Windows 10.0 , 64 bit Build 19041 (10.0.19041.1889)

CPU:total 4 (initial active 4) (2 cores per cpu, 2 threads per core) family 6 model 142 stepping 10, cmov, cx8, fxsr, mmx, sse, sse2, sse3, ssse3, sse4.1, sse4.2, popcnt, avx, avx2, aes, clmul, erms, 3dnowpref, lzcnt, ht, tsc, tscinvbit, bmi1, bmi2, adx

Memory: 4k page, physical 4101260k(512336k free), swap 5149836k(5412k free)

vm_info: Java HotSpot(TM) 64-Bit Server VM (25.251-b08) for windows-amd64 JRE (1.8.0_251-b08), built on Mar 12 2020 06:31:49 by "" with MS VC++ 10.0 (VS2010)

time: Sun Nov 27 22:32:51 2022
timezone: E. Africa Standard Time
elapsed time: 14 seconds (0d 0h 0m 14s)

