#
# There is insufficient memory for the Java Runtime Environment to continue.
# Native memory allocation (malloc) failed to allocate 32744 bytes for ChunkPool::allocate
# Possible reasons:
#   The system is out of physical RAM or swap space
#   The process is running with CompressedOops enabled, and the Java Heap may be blocking the growth of the native heap
# Possible solutions:
#   Reduce memory load on the system
#   Increase physical memory or swap space
#   Check if swap backing store is full
#   Decrease Java heap size (-Xmx/-Xms)
#   Decrease number of Java threads
#   Decrease Java thread stack sizes (-Xss)
#   Set larger code cache with -XX:ReservedCodeCacheSize=
#   JVM is running with Unscaled Compressed Oops mode in which the Java heap is
#     placed in the first 4GB address space. The Java Heap base address is the
#     maximum limit for the native heap growth. Please use -XX:HeapBaseMinAddress
#     to set the Java Heap base and to place the Java Heap above 4GB virtual address.
# This output file may be truncated or incomplete.
#
#  Out of Memory Error (allocation.cpp:272), pid=10516, tid=0x0000000000002d08
#
# JRE version: Java(TM) SE Runtime Environment (8.0_251-b08) (build 1.8.0_251-b08)
# Java VM: Java HotSpot(TM) 64-Bit Server VM (25.251-b08 mixed mode windows-amd64 compressed oops)
# Failed to write core dump. Minidumps are not enabled by default on client versions of Windows
#

---------------  T H R E A D  ---------------

Current thread (0x00000000029b6000):  JavaThread "main" [_thread_in_vm, id=11528, stack(0x0000000000f50000,0x0000000001050000)]

Stack: [0x0000000000f50000,0x0000000001050000]
[error occurred during error reporting (printing stack bounds), id 0xc0000005]

Native frames: (J=compiled Java code, j=interpreted, Vv=VM code, C=native code)

Java frames: (J=compiled Java code, j=interpreted, Vv=VM code)
J 756  java.lang.ClassLoader.defineClass1(Ljava/lang/String;[BIILjava/security/ProtectionDomain;Ljava/lang/String;)Ljava/lang/Class; (0 bytes) @ 0x0000000002dc879f [0x0000000002dc8700+0x9f]
J 765 C1 java.lang.ClassLoader.defineClass(Ljava/lang/String;[BIILjava/security/ProtectionDomain;)Ljava/lang/Class; (43 bytes) @ 0x0000000002dcf3e4 [0x0000000002dcee00+0x5e4]
J 565 C1 java.net.URLClassLoader.defineClass(Ljava/lang/String;Lsun/misc/Resource;)Ljava/lang/Class; (142 bytes) @ 0x0000000002d443a4 [0x0000000002d42840+0x1b64]
J 266 C1 java.net.URLClassLoader$1.run()Ljava/lang/Class; (63 bytes) @ 0x0000000002c8b3ec [0x0000000002c8b120+0x2cc]
J 265 C1 java.net.URLClassLoader$1.run()Ljava/lang/Object; (5 bytes) @ 0x0000000002c7794c [0x0000000002c778c0+0x8c]
v  ~StubRoutines::call_stub
J 134  java.security.AccessController.doPrivileged(Ljava/security/PrivilegedExceptionAction;Ljava/security/AccessControlContext;)Ljava/lang/Object; (0 bytes) @ 0x0000000002c0dca6 [0x0000000002c0dc40+0x66]
J 1944 C2 java.lang.ClassLoader.loadClass(Ljava/lang/String;Z)Ljava/lang/Class; (122 bytes) @ 0x000000000314d1fc [0x000000000314c720+0xadc]
J 282 C1 sun.misc.Launcher$AppClassLoader.loadClass(Ljava/lang/String;Z)Ljava/lang/Class; (85 bytes) @ 0x0000000002c93dec [0x0000000002c93440+0x9ac]
J 279 C1 java.lang.ClassLoader.loadClass(Ljava/lang/String;)Ljava/lang/Class; (7 bytes) @ 0x0000000002c919cc [0x0000000002c918c0+0x10c]
v  ~StubRoutines::call_stub
j  org.springframework.asm.ClassWriter.visitMethod(ILjava/lang/String;Ljava/lang/String;Ljava/lang/String;[Ljava/lang/String;)Lorg/springframework/asm/MethodVisitor;+0
j  org.springframework.asm.ClassVisitor.visitMethod(ILjava/lang/String;Ljava/lang/String;Ljava/lang/String;[Ljava/lang/String;)Lorg/springframework/asm/MethodVisitor;+18
j  org.springframework.cglib.core.ClassEmitter.begin_method(ILorg/springframework/cglib/core/Signature;[Lorg/springframework/asm/Type;)Lorg/springframework/cglib/core/CodeEmitter;+52
j  org.springframework.cglib.core.EmitUtils.null_constructor(Lorg/springframework/cglib/core/ClassEmitter;)V+6
j  org.springframework.cglib.core.KeyFactory$Generator.generateClass(Lorg/springframework/asm/ClassVisitor;)V+79
j  org.springframework.cglib.core.DefaultGeneratorStrategy.generate(Lorg/springframework/cglib/core/ClassGenerator;)[B+11
j  org.springframework.cglib.core.AbstractClassGenerator.generate(Lorg/springframework/cglib/core/AbstractClassGenerator$ClassLoaderData;)Ljava/lang/Class;+139
j  org.springframework.cglib.core.AbstractClassGenerator$ClassLoaderData$3.apply(Lorg/springframework/cglib/core/AbstractClassGenerator;)Ljava/lang/Object;+5
j  org.springframework.cglib.core.AbstractClassGenerator$ClassLoaderData$3.apply(Ljava/lang/Object;)Ljava/lang/Object;+5
j  org.springframework.cglib.core.internal.LoadingCache$2.call()Ljava/lang/Object;+11
j  java.util.concurrent.FutureTask.run()V+42
j  org.springframework.cglib.core.internal.LoadingCache.createEntry(Ljava/lang/Object;Ljava/lang/Object;Ljava/lang/Object;)Ljava/lang/Object;+58
j  org.springframework.cglib.core.internal.LoadingCache.get(Ljava/lang/Object;)Ljava/lang/Object;+39
j  org.springframework.cglib.core.AbstractClassGenerator$ClassLoaderData.get(Lorg/springframework/cglib/core/AbstractClassGenerator;Z)Ljava/lang/Object;+15
j  org.springframework.cglib.core.AbstractClassGenerator.create(Ljava/lang/Object;)Ljava/lang/Object;+115
j  org.springframework.cglib.core.KeyFactory$Generator.create()Lorg/springframework/cglib/core/KeyFactory;+19
j  org.springframework.cglib.core.KeyFactory.create(Ljava/lang/ClassLoader;Ljava/lang/Class;Lorg/springframework/cglib/core/KeyFactoryCustomizer;Ljava/util/List;)Lorg/springframework/cglib/core/KeyFactory;+92
j  org.springframework.cglib.core.KeyFactory.create(Ljava/lang/Class;Lorg/springframework/cglib/core/KeyFactoryCustomizer;Ljava/util/List;)Lorg/springframework/cglib/core/KeyFactory;+7
j  org.springframework.cglib.proxy.Enhancer.<clinit>()V+31
v  ~StubRoutines::call_stub
j  org.springframework.context.annotation.ConfigurationClassEnhancer.newEnhancer(Ljava/lang/Class;Ljava/lang/ClassLoader;)Lorg/springframework/cglib/proxy/Enhancer;+0
j  org.springframework.context.annotation.ConfigurationClassEnhancer.enhance(Ljava/lang/Class;Ljava/lang/ClassLoader;)Ljava/lang/Class;+50
j  org.springframework.context.annotation.ConfigurationClassPostProcessor.enhanceConfigurationClasses(Lorg/springframework/beans/factory/config/ConfigurableListableBeanFactory;)V+461
j  org.springframework.context.annotation.ConfigurationClassPostProcessor.postProcessBeanFactory(Lorg/springframework/beans/factory/config/ConfigurableListableBeanFactory;)V+88
j  org.springframework.context.support.PostProcessorRegistrationDelegate.invokeBeanFactoryPostProcessors(Ljava/util/Collection;Lorg/springframework/beans/factory/config/ConfigurableListableBeanFactory;)V+61
j  org.springframework.context.support.PostProcessorRegistrationDelegate.invokeBeanFactoryPostProcessors(Lorg/springframework/beans/factory/config/ConfigurableListableBeanFactory;Ljava/util/List;)V+512
j  org.springframework.context.support.AbstractApplicationContext.invokeBeanFactoryPostProcessors(Lorg/springframework/beans/factory/config/ConfigurableListableBeanFactory;)V+5
j  org.springframework.context.support.AbstractApplicationContext.refresh()V+53
j  org.springframework.boot.web.servlet.context.ServletWebServerApplicationContext.refresh()V+1
j  org.springframework.boot.SpringApplication.refresh(Lorg/springframework/context/ConfigurableApplicationContext;)V+1
j  org.springframework.boot.SpringApplication.refreshContext(Lorg/springframework/context/ConfigurableApplicationContext;)V+16
j  org.springframework.boot.SpringApplication.run([Ljava/lang/String;)Lorg/springframework/context/ConfigurableApplicationContext;+107
j  org.springframework.boot.SpringApplication.run([Ljava/lang/Class;[Ljava/lang/String;)Lorg/springframework/context/ConfigurableApplicationContext;+9
j  org.springframework.boot.SpringApplication.run(Ljava/lang/Class;[Ljava/lang/String;)Lorg/springframework/context/ConfigurableApplicationContext;+9
j  com.main.EmployeeManagement.EmployeeManagementApplication.main([Ljava/lang/String;)V+3
v  ~StubRoutines::call_stub

---------------  P R O C E S S  ---------------

Java Threads: ( => current thread )
  0x0000000016a40800 JavaThread "Service Thread" daemon [_thread_blocked, id=7120, stack(0x0000000016f20000,0x0000000017020000)]
  0x0000000016ac0800 JavaThread "C1 CompilerThread2" daemon [_thread_blocked, id=11596, stack(0x0000000016e20000,0x0000000016f20000)]
  0x0000000016a3b800 JavaThread "C2 CompilerThread1" daemon [_thread_in_native, id=11016, stack(0x0000000016d20000,0x0000000016e20000)]
  0x0000000016a0e000 JavaThread "C2 CompilerThread0" daemon [_thread_in_native, id=6280, stack(0x0000000016c20000,0x0000000016d20000)]
  0x0000000016a0d800 JavaThread "Monitor Ctrl-Break" daemon [_thread_in_native, id=6720, stack(0x0000000016b20000,0x0000000016c20000)]
  0x00000000150bb000 JavaThread "Attach Listener" daemon [_thread_blocked, id=11428, stack(0x0000000016620000,0x0000000016720000)]
  0x00000000150ba000 JavaThread "Signal Dispatcher" daemon [_thread_blocked, id=4880, stack(0x0000000016520000,0x0000000016620000)]
  0x000000001509b000 JavaThread "Finalizer" daemon [_thread_blocked, id=10096, stack(0x0000000016320000,0x0000000016420000)]
  0x0000000002aa6000 JavaThread "Reference Handler" daemon [_thread_blocked, id=11520, stack(0x0000000016220000,0x0000000016320000)]
=>0x00000000029b6000 JavaThread "main" [_thread_in_vm, id=11528, stack(0x0000000000f50000,0x0000000001050000)]

Other Threads:
  0x0000000015077800 VMThread [stack: 0x0000000016120000,0x0000000016220000] [id=9384]
  0x0000000016b1e000 WatcherThread [stack: 0x0000000017820000,0x0000000017920000] [id=7824]

VM state:not at safepoint (normal execution)

VM Mutex/Monitor currently owned by a thread: None

heap address: 0x00000000c1600000, size: 1002 MB, Compressed Oops mode: 32-bit
Narrow klass base: 0x0000000000000000, Narrow klass shift: 3
Compressed class space size: 1073741824 Address: 0x0000000100000000

Heap:
 PSYoungGen      total 38400K, used 20038K [0x00000000eb200000, 0x00000000eeb00000, 0x0000000100000000)
  eden space 32768K, 51% used [0x00000000eb200000,0x00000000ec258d20,0x00000000ed200000)
  from space 5632K, 58% used [0x00000000ed200000,0x00000000ed538ba0,0x00000000ed780000)
  to   space 5632K, 0% used [0x00000000ee580000,0x00000000ee580000,0x00000000eeb00000)
 ParOldGen       total 30208K, used 6576K [0x00000000c1600000, 0x00000000c3380000, 0x00000000eb200000)
  object space 30208K, 21% used [0x00000000c1600000,0x00000000c1c6c2f8,0x00000000c3380000)
 Metaspace       used 23396K, capacity 24498K, committed 24704K, reserved 1071104K
  class space    used 2935K, capacity 3171K, committed 3200K, reserved 1048576K

Card table byte_map: [0x0000000011e70000,0x0000000012070000] byte_map_base: 0x0000000011865000

Marking Bits: (ParMarkBitMap*) 0x000000005676af90
 Begin Bits: [0x00000000125c0000, 0x0000000013568000)
 End Bits:   [0x0000000013568000, 0x0000000014510000)

Polling page: 0x0000000000a30000

CodeCache: size=245760Kb used=7794Kb max_used=7805Kb free=237965Kb
 bounds [0x0000000002ab0000, 0x0000000003260000, 0x0000000011ab0000]
 total_blobs=2659 nmethods=2288 adapters=283
 compilation: enabled

Compilation events (10 events):
Event: 5.415 Thread 0x0000000016ac0800 nmethod 2285 0x0000000003245750 code [0x0000000003245900, 0x0000000003245e58]
Event: 5.415 Thread 0x0000000016ac0800 2286       1       org.springframework.beans.BeanMetadataAttribute::getValue (5 bytes)
Event: 5.415 Thread 0x0000000016ac0800 nmethod 2286 0x0000000003245490 code [0x00000000032455e0, 0x00000000032456f0]
Event: 5.415 Thread 0x0000000016ac0800 2287       3       org.springframework.core.AttributeAccessorSupport::getAttribute (17 bytes)
Event: 5.416 Thread 0x0000000016ac0800 nmethod 2287 0x0000000003244e10 code [0x0000000003244fa0, 0x0000000003245318]
Event: 5.431 Thread 0x0000000016a0e000 nmethod 2284 0x0000000003250a90 code [0x0000000003250cc0, 0x0000000003252580]
Event: 5.436 Thread 0x0000000016a3b800 2288   !   4       java.util.concurrent.ConcurrentHashMap::putVal (362 bytes)
Event: 5.450 Thread 0x0000000016a3b800 nmethod 2288 0x0000000003253dd0 code [0x0000000003253fa0, 0x0000000003254e60]
Event: 5.452 Thread 0x0000000016a0e000 2289       4       java.net.URLClassLoader$1::run (5 bytes)
Event: 5.453 Thread 0x0000000016a3b800 2290   !   4       java.net.URLClassLoader$1::run (63 bytes)

GC Heap History (10 events):
Event: 4.087 GC heap before
{Heap before GC invocations=8 (full 0):
 PSYoungGen      total 22016K, used 19824K [0x00000000eb200000, 0x00000000edd00000, 0x0000000100000000)
  eden space 16384K, 99% used [0x00000000eb200000,0x00000000ec1fd050,0x00000000ec200000)
  from space 5632K, 61% used [0x00000000ec200000,0x00000000ec55f370,0x00000000ec780000)
  to   space 5632K, 0% used [0x00000000ed780000,0x00000000ed780000,0x00000000edd00000)
 ParOldGen       total 44032K, used 6848K [0x00000000c1600000, 0x00000000c4100000, 0x00000000eb200000)
  object space 44032K, 15% used [0x00000000c1600000,0x00000000c1cb0240,0x00000000c4100000)
 Metaspace       used 19260K, capacity 20034K, committed 20352K, reserved 1067008K
  class space    used 2404K, capacity 2589K, committed 2688K, reserved 1048576K
Event: 4.092 GC heap after
Heap after GC invocations=8 (full 0):
 PSYoungGen      total 38400K, used 2233K [0x00000000eb200000, 0x00000000edd00000, 0x0000000100000000)
  eden space 32768K, 0% used [0x00000000eb200000,0x00000000eb200000,0x00000000ed200000)
  from space 5632K, 39% used [0x00000000ed780000,0x00000000ed9ae5f0,0x00000000edd00000)
  to   space 5632K, 0% used [0x00000000ed200000,0x00000000ed200000,0x00000000ed780000)
 ParOldGen       total 44032K, used 7701K [0x00000000c1600000, 0x00000000c4100000, 0x00000000eb200000)
  object space 44032K, 17% used [0x00000000c1600000,0x00000000c1d855a0,0x00000000c4100000)
 Metaspace       used 19260K, capacity 20034K, committed 20352K, reserved 1067008K
  class space    used 2404K, capacity 2589K, committed 2688K, reserved 1048576K
}
Event: 4.253 GC heap before
{Heap before GC invocations=9 (full 0):
 PSYoungGen      total 38400K, used 35001K [0x00000000eb200000, 0x00000000edd00000, 0x0000000100000000)
  eden space 32768K, 100% used [0x00000000eb200000,0x00000000ed200000,0x00000000ed200000)
  from space 5632K, 39% used [0x00000000ed780000,0x00000000ed9ae5f0,0x00000000edd00000)
  to   space 5632K, 0% used [0x00000000ed200000,0x00000000ed200000,0x00000000ed780000)
 ParOldGen       total 44032K, used 7701K [0x00000000c1600000, 0x00000000c4100000, 0x00000000eb200000)
  object space 44032K, 17% used [0x00000000c1600000,0x00000000c1d855a0,0x00000000c4100000)
 Metaspace       used 19502K, capacity 20290K, committed 20608K, reserved 1067008K
  class space    used 2422K, capacity 2589K, committed 2688K, reserved 1048576K
Event: 4.255 GC heap after
Heap after GC invocations=9 (full 0):
 PSYoungGen      total 38400K, used 1226K [0x00000000eb200000, 0x00000000edd00000, 0x0000000100000000)
  eden space 32768K, 0% used [0x00000000eb200000,0x00000000eb200000,0x00000000ed200000)
  from space 5632K, 21% used [0x00000000ed200000,0x00000000ed332bf0,0x00000000ed780000)
  to   space 5632K, 0% used [0x00000000ed780000,0x00000000ed780000,0x00000000edd00000)
 ParOldGen       total 44032K, used 8319K [0x00000000c1600000, 0x00000000c4100000, 0x00000000eb200000)
  object space 44032K, 18% used [0x00000000c1600000,0x00000000c1e1fdd0,0x00000000c4100000)
 Metaspace       used 19502K, capacity 20290K, committed 20608K, reserved 1067008K
  class space    used 2422K, capacity 2589K, committed 2688K, reserved 1048576K
}
Event: 4.666 GC heap before
{Heap before GC invocations=10 (full 0):
 PSYoungGen      total 38400K, used 18256K [0x00000000eb200000, 0x00000000edd00000, 0x0000000100000000)
  eden space 32768K, 51% used [0x00000000eb200000,0x00000000ec2a1688,0x00000000ed200000)
  from space 5632K, 21% used [0x00000000ed200000,0x00000000ed332bf0,0x00000000ed780000)
  to   space 5632K, 0% used [0x00000000ed780000,0x00000000ed780000,0x00000000edd00000)
 ParOldGen       total 44032K, used 8319K [0x00000000c1600000, 0x00000000c4100000, 0x00000000eb200000)
  object space 44032K, 18% used [0x00000000c1600000,0x00000000c1e1fdd0,0x00000000c4100000)
 Metaspace       used 20310K, capacity 21178K, committed 21248K, reserved 1067008K
  class space    used 2521K, capacity 2749K, committed 2816K, reserved 1048576K
Event: 4.669 GC heap after
Heap after GC invocations=10 (full 0):
 PSYoungGen      total 38400K, used 2271K [0x00000000eb200000, 0x00000000edd00000, 0x0000000100000000)
  eden space 32768K, 0% used [0x00000000eb200000,0x00000000eb200000,0x00000000ed200000)
  from space 5632K, 40% used [0x00000000ed780000,0x00000000ed9b7f40,0x00000000edd00000)
  to   space 5632K, 0% used [0x00000000ed200000,0x00000000ed200000,0x00000000ed780000)
 ParOldGen       total 44032K, used 9119K [0x00000000c1600000, 0x00000000c4100000, 0x00000000eb200000)
  object space 44032K, 20% used [0x00000000c1600000,0x00000000c1ee7de0,0x00000000c4100000)
 Metaspace       used 20310K, capacity 21178K, committed 21248K, reserved 1067008K
  class space    used 2521K, capacity 2749K, committed 2816K, reserved 1048576K
}
Event: 4.669 GC heap before
{Heap before GC invocations=11 (full 1):
 PSYoungGen      total 38400K, used 2271K [0x00000000eb200000, 0x00000000edd00000, 0x0000000100000000)
  eden space 32768K, 0% used [0x00000000eb200000,0x00000000eb200000,0x00000000ed200000)
  from space 5632K, 40% used [0x00000000ed780000,0x00000000ed9b7f40,0x00000000edd00000)
  to   space 5632K, 0% used [0x00000000ed200000,0x00000000ed200000,0x00000000ed780000)
 ParOldGen       total 44032K, used 9119K [0x00000000c1600000, 0x00000000c4100000, 0x00000000eb200000)
  object space 44032K, 20% used [0x00000000c1600000,0x00000000c1ee7de0,0x00000000c4100000)
 Metaspace       used 20310K, capacity 21178K, committed 21248K, reserved 1067008K
  class space    used 2521K, capacity 2749K, committed 2816K, reserved 1048576K
Event: 4.699 GC heap after
Heap after GC invocations=11 (full 1):
 PSYoungGen      total 38400K, used 0K [0x00000000eb200000, 0x00000000edd00000, 0x0000000100000000)
  eden space 32768K, 0% used [0x00000000eb200000,0x00000000eb200000,0x00000000ed200000)
  from space 5632K, 0% used [0x00000000ed780000,0x00000000ed780000,0x00000000edd00000)
  to   space 5632K, 0% used [0x00000000ed200000,0x00000000ed200000,0x00000000ed780000)
 ParOldGen       total 30208K, used 6568K [0x00000000c1600000, 0x00000000c3380000, 0x00000000eb200000)
  object space 30208K, 21% used [0x00000000c1600000,0x00000000c1c6a2f8,0x00000000c3380000)
 Metaspace       used 20310K, capacity 21178K, committed 21248K, reserved 1067008K
  class space    used 2521K, capacity 2749K, committed 2816K, reserved 1048576K
}
Event: 5.230 GC heap before
{Heap before GC invocations=12 (full 1):
 PSYoungGen      total 38400K, used 32768K [0x00000000eb200000, 0x00000000edd00000, 0x0000000100000000)
  eden space 32768K, 100% used [0x00000000eb200000,0x00000000ed200000,0x00000000ed200000)
  from space 5632K, 0% used [0x00000000ed780000,0x00000000ed780000,0x00000000edd00000)
  to   space 5632K, 0% used [0x00000000ed200000,0x00000000ed200000,0x00000000ed780000)
 ParOldGen       total 30208K, used 6568K [0x00000000c1600000, 0x00000000c3380000, 0x00000000eb200000)
  object space 30208K, 21% used [0x00000000c1600000,0x00000000c1c6a2f8,0x00000000c3380000)
 Metaspace       used 22125K, capacity 23120K, committed 23296K, reserved 1069056K
  class space    used 2759K, capacity 2986K, committed 3072K, reserved 1048576K
Event: 5.233 GC heap after
Heap after GC invocations=12 (full 1):
 PSYoungGen      total 38400K, used 3298K [0x00000000eb200000, 0x00000000eeb00000, 0x0000000100000000)
  eden space 32768K, 0% used [0x00000000eb200000,0x00000000eb200000,0x00000000ed200000)
  from space 5632K, 58% used [0x00000000ed200000,0x00000000ed538ba0,0x00000000ed780000)
  to   space 5632K, 0% used [0x00000000ee580000,0x00000000ee580000,0x00000000eeb00000)
 ParOldGen       total 30208K, used 6576K [0x00000000c1600000, 0x00000000c3380000, 0x00000000eb200000)
  object space 30208K, 21% used [0x00000000c1600000,0x00000000c1c6c2f8,0x00000000c3380000)
 Metaspace       used 22125K, capacity 23120K, committed 23296K, reserved 1069056K
  class space    used 2759K, capacity 2986K, committed 3072K, reserved 1048576K
}

Deoptimization events (10 events):
Event: 4.862 Thread 0x00000000029b6000 Uncommon trap: reason=unstable_if action=reinterpret pc=0x00000000030ab1a8 method=org.springframework.core.annotation.MergedAnnotationsCollection.isMappingForType(Lorg/springframework/core/annotation/AnnotationTypeMapping;Ljava/lang/Object;)Z @ 13
Event: 4.862 Thread 0x00000000029b6000 Uncommon trap: reason=class_check action=maybe_recompile pc=0x0000000002ccc6d4 method=java.lang.String.equals(Ljava/lang/Object;)Z @ 8
Event: 4.968 Thread 0x00000000029b6000 Uncommon trap: reason=array_check action=maybe_recompile pc=0x0000000003149140 method=java.util.AbstractCollection.toArray([Ljava/lang/Object;)[Ljava/lang/Object; @ 119
Event: 4.968 Thread 0x00000000029b6000 Uncommon trap: reason=array_check action=maybe_recompile pc=0x0000000003149140 method=java.util.AbstractCollection.toArray([Ljava/lang/Object;)[Ljava/lang/Object; @ 119
Event: 4.968 Thread 0x00000000029b6000 Uncommon trap: reason=array_check action=maybe_recompile pc=0x0000000003149140 method=java.util.AbstractCollection.toArray([Ljava/lang/Object;)[Ljava/lang/Object; @ 119
Event: 4.969 Thread 0x00000000029b6000 Uncommon trap: reason=array_check action=maybe_recompile pc=0x0000000003149140 method=java.util.AbstractCollection.toArray([Ljava/lang/Object;)[Ljava/lang/Object; @ 119
Event: 5.053 Thread 0x00000000029b6000 Uncommon trap: reason=unstable_if action=reinterpret pc=0x0000000002ff77f8 method=java.util.Arrays.equals([Ljava/lang/Object;[Ljava/lang/Object;)Z @ 65
Event: 5.213 Thread 0x00000000029b6000 Uncommon trap: reason=unstable_if action=reinterpret pc=0x00000000031b46b0 method=org.springframework.beans.factory.support.AbstractBeanFactory.isFactoryBean(Ljava/lang/String;Lorg/springframework/beans/factory/support/RootBeanDefinition;)Z @ 38
Event: 5.266 Thread 0x00000000029b6000 Uncommon trap: reason=unstable_if action=reinterpret pc=0x00000000031977f0 method=org.springframework.beans.factory.support.AbstractBeanFactory.getMergedLocalBeanDefinition(Ljava/lang/String;)Lorg/springframework/beans/factory/support/RootBeanDefinition; 
Event: 5.405 Thread 0x00000000029b6000 Uncommon trap: reason=unstable_if action=reinterpret pc=0x00000000031e9ea4 method=org.springframework.beans.factory.support.AbstractBeanFactory.isTypeMatch(Ljava/lang/String;Lorg/springframework/core/ResolvableType;Z)Z @ 99

Classes redefined (0 events):
No events

Internal exceptions (10 events):
Event: 3.846 Thread 0x00000000029b6000 Exception <a 'java/lang/ClassNotFoundException': org/springframework/beans/factory/BeanClassLoaderAwareCustomizer> (0x00000000eb939f48) thrown at [C:\jenkins\workspace\8-2-build-windows-amd64-cygwin\jdk8u251\737\hotspot\src\share\vm\classfile\systemDictio
Event: 3.847 Thread 0x00000000029b6000 Exception <a 'java/lang/ClassNotFoundException': org/springframework/beans/factory/AwareCustomizer> (0x00000000eb94db30) thrown at [C:\jenkins\workspace\8-2-build-windows-amd64-cygwin\jdk8u251\737\hotspot\src\share\vm\classfile\systemDictionary.cpp, line 
Event: 3.847 Thread 0x00000000029b6000 Exception <a 'java/lang/ClassNotFoundException': org/springframework/context/EnvironmentAwareCustomizer> (0x00000000eb961928) thrown at [C:\jenkins\workspace\8-2-build-windows-amd64-cygwin\jdk8u251\737\hotspot\src\share\vm\classfile\systemDictionary.cpp, 
Event: 3.848 Thread 0x00000000029b6000 Exception <a 'java/lang/ClassNotFoundException': org/springframework/beans/factory/AwareCustomizer> (0x00000000eb9bba10) thrown at [C:\jenkins\workspace\8-2-build-windows-amd64-cygwin\jdk8u251\737\hotspot\src\share\vm\classfile\systemDictionary.cpp, line 
Event: 3.928 Thread 0x00000000175bf800 Exception <a 'java/lang/IncompatibleClassChangeError': Found class java.lang.Object, but interface was expected> (0x00000000eb37a740) thrown at [C:\jenkins\workspace\8-2-build-windows-amd64-cygwin\jdk8u251\737\hotspot\src\share\vm\interpreter\linkResolver
Event: 3.938 Thread 0x00000000029b6000 Exception <a 'java/lang/NoSuchMethodError': java.lang.Object.lambda$or$2(Ljava/util/function/Predicate;Ljava/lang/Object;)Z> (0x00000000eb4b9a70) thrown at [C:\jenkins\workspace\8-2-build-windows-amd64-cygwin\jdk8u251\737\hotspot\src\share\vm\interpreter\
Event: 4.369 Thread 0x00000000029b6000 Exception <a 'java/lang/IncompatibleClassChangeError': Found class java.lang.Object, but interface was expected> (0x00000000eb57b378) thrown at [C:\jenkins\workspace\8-2-build-windows-amd64-cygwin\jdk8u251\737\hotspot\src\share\vm\interpreter\linkResolver
Event: 4.405 Thread 0x00000000029b6000 Exception <a 'java/lang/NoSuchMethodError': java.lang.Object.lambda$getAllAnnotationAttributes$0(Lorg/springframework/util/MultiValueMap;)Lorg/springframework/util/MultiValueMap;> (0x00000000eb7d4d58) thrown at [C:\jenkins\workspace\8-2-build-windows-amd6
Event: 4.406 Thread 0x00000000029b6000 Exception <a 'java/lang/NoSuchMethodError': java.lang.Object.lambda$identity$2(Ljava/lang/Object;)Ljava/lang/Object;> (0x00000000eb7ed240) thrown at [C:\jenkins\workspace\8-2-build-windows-amd64-cygwin\jdk8u251\737\hotspot\src\share\vm\interpreter\linkRes
Event: 5.255 Thread 0x00000000029b6000 Exception <a 'java/lang/NoSuchMethodError': java.lang.Object.lambda$getRequiredAttribute$0(Ljava/lang/String;)Ljava/lang/IllegalArgumentException;> (0x00000000eb3bf810) thrown at [C:\jenkins\workspace\8-2-build-windows-amd64-cygwin\jdk8u251\737\hotspot\sr

Events (10 events):
Event: 5.509 loading class org/springframework/cglib/core/ProcessArrayCallback
Event: 5.509 loading class org/springframework/cglib/core/ProcessArrayCallback done
Event: 5.510 loading class org/springframework/cglib/core/EmitUtils$ParameterTyper
Event: 5.510 loading class org/springframework/cglib/core/EmitUtils$ParameterTyper done
Event: 5.511 loading class org/springframework/asm/Label
Event: 5.511 loading class org/springframework/asm/Label done
Event: 5.513 loading class org/springframework/cglib/core/EmitUtils$ArrayDelimiters
Event: 5.513 loading class org/springframework/cglib/core/EmitUtils$ArrayDelimiters done
Event: 5.514 loading class org/springframework/asm/Frame
Event: 5.514 loading class org/springframework/asm/Frame done


Dynamic libraries:
0x00007ff638740000 - 0x00007ff638777000 	C:\Program Files\Java\jdk1.8.0_251\bin\java.exe
0x00007ff883650000 - 0x00007ff883848000 	C:\WINDOWS\SYSTEM32\ntdll.dll
0x00007ff882ca0000 - 0x00007ff882d5d000 	C:\WINDOWS\System32\KERNEL32.DLL
0x00007ff881140000 - 0x00007ff88140e000 	C:\WINDOWS\System32\KERNELBASE.dll
0x00007ff881ed0000 - 0x00007ff881f7e000 	C:\WINDOWS\System32\ADVAPI32.dll
0x00007ff8824e0000 - 0x00007ff88257e000 	C:\WINDOWS\System32\msvcrt.dll
0x00007ff882670000 - 0x00007ff88270c000 	C:\WINDOWS\System32\sechost.dll
0x00007ff881bb0000 - 0x00007ff881cd5000 	C:\WINDOWS\System32\RPCRT4.dll
0x00007ff881a10000 - 0x00007ff881bb0000 	C:\WINDOWS\System32\USER32.dll
0x00007ff880d70000 - 0x00007ff880d92000 	C:\WINDOWS\System32\win32u.dll
0x00007ff882930000 - 0x00007ff88295a000 	C:\WINDOWS\System32\GDI32.dll
0x00007ff880e60000 - 0x00007ff880f6b000 	C:\WINDOWS\System32\gdi32full.dll
0x00007ff880f70000 - 0x00007ff88100d000 	C:\WINDOWS\System32\msvcp_win.dll
0x00007ff881010000 - 0x00007ff881110000 	C:\WINDOWS\System32\ucrtbase.dll
0x00007ff866c80000 - 0x00007ff866f1a000 	C:\WINDOWS\WinSxS\amd64_microsoft.windows.common-controls_6595b64144ccf1df_6.0.19041.1110_none_60b5254171f9507e\COMCTL32.dll
0x00007ff883510000 - 0x00007ff883540000 	C:\WINDOWS\System32\IMM32.DLL
0x00000000567f0000 - 0x00000000568c2000 	C:\Program Files\Java\jdk1.8.0_251\jre\bin\msvcr100.dll
0x0000000055f40000 - 0x00000000567eb000 	C:\Program Files\Java\jdk1.8.0_251\jre\bin\server\jvm.dll
0x00007ff8827f0000 - 0x00007ff8827f8000 	C:\WINDOWS\System32\PSAPI.DLL
0x00007ff87c400000 - 0x00007ff87c409000 	C:\WINDOWS\SYSTEM32\WSOCK32.dll
0x00007ff86b790000 - 0x00007ff86b7b7000 	C:\WINDOWS\SYSTEM32\WINMM.dll
0x00007ff8828c0000 - 0x00007ff88292b000 	C:\WINDOWS\System32\WS2_32.dll
0x00007ff878310000 - 0x00007ff87831a000 	C:\WINDOWS\SYSTEM32\VERSION.dll
0x00007ff877f00000 - 0x00007ff877f0f000 	C:\Program Files\Java\jdk1.8.0_251\jre\bin\verify.dll
0x00007ff867580000 - 0x00007ff8675a9000 	C:\Program Files\Java\jdk1.8.0_251\jre\bin\java.dll
0x00007ff85c6c0000 - 0x00007ff85c6e3000 	C:\Program Files\Java\jdk1.8.0_251\jre\bin\instrument.dll
0x00007ff8600a0000 - 0x00007ff8600b6000 	C:\Program Files\Java\jdk1.8.0_251\jre\bin\zip.dll
0x00007ff882d60000 - 0x00007ff8834a4000 	C:\WINDOWS\System32\SHELL32.dll
0x00007ff87ee70000 - 0x00007ff87f604000 	C:\WINDOWS\SYSTEM32\windows.storage.dll
0x00007ff8816b0000 - 0x00007ff881a04000 	C:\WINDOWS\System32\combase.dll
0x00007ff880700000 - 0x00007ff880730000 	C:\WINDOWS\SYSTEM32\Wldp.dll
0x00007ff882800000 - 0x00007ff8828ad000 	C:\WINDOWS\System32\SHCORE.dll
0x00007ff882610000 - 0x00007ff882665000 	C:\WINDOWS\System32\shlwapi.dll
0x00007ff880cb0000 - 0x00007ff880ccf000 	C:\WINDOWS\SYSTEM32\profapi.dll
0x00007ff85c350000 - 0x00007ff85c36a000 	C:\Program Files\JetBrains\IntelliJ IDEA Community Edition 2020.1.2\bin\breakgen64.dll
0x00007ff85c6a0000 - 0x00007ff85c6ba000 	C:\Program Files\Java\jdk1.8.0_251\jre\bin\net.dll
0x00007ff880460000 - 0x00007ff8804ca000 	C:\WINDOWS\system32\mswsock.dll
0x00007ff870300000 - 0x00007ff87030d000 	C:\Program Files\Java\jdk1.8.0_251\jre\bin\management.dll
0x00007ff878600000 - 0x00007ff878617000 	C:\WINDOWS\system32\napinsp.dll
0x00007ff8783f0000 - 0x00007ff87840b000 	C:\WINDOWS\system32\pnrpnsp.dll
0x00007ff87beb0000 - 0x00007ff87bec5000 	C:\WINDOWS\system32\wshbth.dll
0x00007ff87bed0000 - 0x00007ff87beed000 	C:\WINDOWS\system32\NLAapi.dll
0x00007ff880150000 - 0x00007ff88018b000 	C:\WINDOWS\SYSTEM32\IPHLPAPI.DLL
0x00007ff880190000 - 0x00007ff88025a000 	C:\WINDOWS\SYSTEM32\DNSAPI.dll
0x00007ff881f80000 - 0x00007ff881f88000 	C:\WINDOWS\System32\NSI.dll
0x00007ff8783d0000 - 0x00007ff8783e2000 	C:\WINDOWS\System32\winrnr.dll
0x00007ff872300000 - 0x00007ff87230a000 	C:\Windows\System32\rasadhlp.dll
0x00007ff871810000 - 0x00007ff871890000 	C:\WINDOWS\System32\fwpuclnt.dll
0x00007ff881110000 - 0x00007ff881137000 	C:\WINDOWS\System32\bcrypt.dll
0x00007ff85c4a0000 - 0x00007ff85c4b2000 	C:\Program Files\Java\jdk1.8.0_251\jre\bin\nio.dll

VM Arguments:
jvm_args: -javaagent:C:\Program Files\JetBrains\IntelliJ IDEA Community Edition 2020.1.2\lib\idea_rt.jar=61464:C:\Program Files\JetBrains\IntelliJ IDEA Community Edition 2020.1.2\bin -Dfile.encoding=UTF-8 
java_command: com.main.EmployeeManagement.EmployeeManagementApplication
java_class_path (initial): C:\Program Files\Java\jdk1.8.0_251\jre\lib\charsets.jar;C:\Program Files\Java\jdk1.8.0_251\jre\lib\deploy.jar;C:\Program Files\Java\jdk1.8.0_251\jre\lib\ext\access-bridge-64.jar;C:\Program Files\Java\jdk1.8.0_251\jre\lib\ext\cldrdata.jar;C:\Program Files\Java\jdk1.8.0_251\jre\lib\ext\dnsns.jar;C:\Program Files\Java\jdk1.8.0_251\jre\lib\ext\jaccess.jar;C:\Program Files\Java\jdk1.8.0_251\jre\lib\ext\jfxrt.jar;C:\Program Files\Java\jdk1.8.0_251\jre\lib\ext\localedata.jar;C:\Program Files\Java\jdk1.8.0_251\jre\lib\ext\nashorn.jar;C:\Program Files\Java\jdk1.8.0_251\jre\lib\ext\sunec.jar;C:\Program Files\Java\jdk1.8.0_251\jre\lib\ext\sunjce_provider.jar;C:\Program Files\Java\jdk1.8.0_251\jre\lib\ext\sunmscapi.jar;C:\Program Files\Java\jdk1.8.0_251\jre\lib\ext\sunpkcs11.jar;C:\Program Files\Java\jdk1.8.0_251\jre\lib\ext\zipfs.jar;C:\Program Files\Java\jdk1.8.0_251\jre\lib\javaws.jar;C:\Program Files\Java\jdk1.8.0_251\jre\lib\jce.jar;C:\Program Files\Java\jdk1.8.0_251\jre\lib\jfr.jar;C:\Program Files\Java\jdk1.8.0_251\jre\lib\jfxswt.jar;C:\Program Files\Java\jdk1.8.0_251\jre\lib\jsse.jar;C:\Program Files\Java\jdk1.8.0_251\jre\lib\management-agent.jar;C:\Program Files\Java\jdk1.8.0_251\jre\lib\mssql-jdbc-8.2.2.jre13.jar;C:\Program Files\Java\jdk1.8.0_251\jre\lib\plugin.jar;C:\Program Files\Java\jdk1.8.0_251\jre\lib\resources.jar;C:\Program Files\Java\jdk1.8.0_251\jre\lib\rt.jar;C:\Users\ELVIS\Desktop\Spring-Boot-Projects\EmployeeManagement-Spring-Boot-Angular\EmployeeManagement\target\classes;C:\Users\ELVIS\.m2\repository\org\springframework\boot\spring-boot-starter-data-jpa\2.7.6\spring-boot-starter-data-jpa-2.7.6.jar;C:\Users\ELVIS\.m2\repository\org\springframework\boot\spring-boot-starter-aop\2.7.6\spring-boot-starter-aop-2.7.6.jar;C:\Users\ELVIS\.m2\repository\org\springframework\spring-aop\5.3.24\spring-aop-5.3.24.jar;C:\Users\ELVIS\.m2\repository\org\aspectj\aspectjweaver\1.9.7\aspectjweaver-1.9.7.jar;C:\Users\ELVIS\.m2\repository\org\spri
Launcher Type: SUN_STANDARD

Environment Variables:
JAVA_HOME=C:\Program Files\Java\jdk1.8.0_251
PATH=C:\WINDOWS\system32;C:\WINDOWS;C:\WINDOWS\System32\Wbem;C:\WINDOWS\System32\WindowsPowerShell\v1.0\;C:\WINDOWS\System32\OpenSSH\;C:\webdrivers;C:\cygwin64\bin;C:\apache-maven-3.6.3\bin;C:\Program Files\MySQL\MySQL Server 8.0\bin;C:\Program Files\MATLAB\runtime\win64;C:\Program Files\MATLAB\bin;C:\Program Files\nodejs\;C:\ProgramData\chocolatey\bin;C:\MinGW\bin;C:\Program Files\Git\cmd;C:\Program Files\dotnet\;C:\Program Files\Java\jdk1.8.0_251\bin;C:\Users\ELVIS\AppData\Local\Microsoft\WindowsApps;;C:\Users\ELVIS\AppData\Local\Programs\Microsoft VS Code\bin;C:\Users\ELVIS\AppData\Roaming\npm;C:\Users\ELVIS\.dotnet\tools
USERNAME=ELVIS
OS=Windows_NT
PROCESSOR_IDENTIFIER=Intel64 Family 6 Model 142 Stepping 10, GenuineIntel



---------------  S Y S T E M  ---------------

OS: Windows 10.0 , 64 bit Build 19041 (10.0.19041.1889)

CPU:total 4 (initial active 4) (2 cores per cpu, 2 threads per core) family 6 model 142 stepping 10, cmov, cx8, fxsr, mmx, sse, sse2, sse3, ssse3, sse4.1, sse4.2, popcnt, avx, avx2, aes, clmul, erms, 3dnowpref, lzcnt, ht, tsc, tscinvbit, bmi1, bmi2, adx

Memory: 4k page, physical 4101260k(526808k free), swap 5149836k(4108k free)

vm_info: Java HotSpot(TM) 64-Bit Server VM (25.251-b08) for windows-amd64 JRE (1.8.0_251-b08), built on Mar 12 2020 06:31:49 by "" with MS VC++ 10.0 (VS2010)

time: Sun Nov 27 22:25:11 2022
timezone: E. Africa Standard Time
elapsed time: 5 seconds (0d 0h 0m 5s)

